Analysis & Synthesis report for ex2pt2
Thu Nov 15 08:00:04 2018
Quartus Prime Version 18.0.0 Build 614 04/24/2018 SJ Lite Edition


---------------------
; Table of Contents ;
---------------------
  1. Legal Notice
  2. Analysis & Synthesis Summary
  3. Analysis & Synthesis Settings
  4. Parallel Compilation
  5. Analysis & Synthesis Source Files Read
  6. Analysis & Synthesis Resource Usage Summary
  7. Analysis & Synthesis Resource Utilization by Entity
  8. User-Specified and Inferred Latches
  9. Registers Removed During Synthesis
 10. General Register Statistics
 11. Inverted Register Statistics
 12. Post-Synthesis Netlist Statistics for Top Partition
 13. Elapsed Time Per Partition
 14. Analysis & Synthesis Messages



----------------
; Legal Notice ;
----------------
Copyright (C) 2018  Intel Corporation. All rights reserved.
Your use of Intel Corporation's design tools, logic functions 
and other software and tools, and its AMPP partner logic 
functions, and any output files from any of the foregoing 
(including device programming or simulation files), and any 
associated documentation or information are expressly subject 
to the terms and conditions of the Intel Program License 
Subscription Agreement, the Intel Quartus Prime License Agreement,
the Intel FPGA IP License Agreement, or other applicable license
agreement, including, without limitation, that your use is for
the sole purpose of programming logic devices manufactured by
Intel and sold by Intel or its authorized distributors.  Please
refer to the applicable agreement for further details.



+----------------------------------------------------------------------------------+
; Analysis & Synthesis Summary                                                     ;
+------------------------------------+---------------------------------------------+
; Analysis & Synthesis Status        ; Successful - Thu Nov 15 08:00:04 2018       ;
; Quartus Prime Version              ; 18.0.0 Build 614 04/24/2018 SJ Lite Edition ;
; Revision Name                      ; ex2pt2                                      ;
; Top-level Entity Name              ; final                                       ;
; Family                             ; MAX 10                                      ;
; Total logic elements               ; 90                                          ;
;     Total combinational functions  ; 89                                          ;
;     Dedicated logic registers      ; 54                                          ;
; Total registers                    ; 54                                          ;
; Total pins                         ; 7                                           ;
; Total virtual pins                 ; 0                                           ;
; Total memory bits                  ; 0                                           ;
; Embedded Multiplier 9-bit elements ; 0                                           ;
; Total PLLs                         ; 0                                           ;
; UFM blocks                         ; 0                                           ;
; ADC blocks                         ; 0                                           ;
+------------------------------------+---------------------------------------------+


+------------------------------------------------------------------------------------------------------------+
; Analysis & Synthesis Settings                                                                              ;
+------------------------------------------------------------------+--------------------+--------------------+
; Option                                                           ; Setting            ; Default Value      ;
+------------------------------------------------------------------+--------------------+--------------------+
; Device                                                           ; 10M08SAU169C8G     ;                    ;
; Top-level entity name                                            ; final              ; ex2pt2             ;
; Family name                                                      ; MAX 10             ; Cyclone V          ;
; Use smart compilation                                            ; Off                ; Off                ;
; Enable parallel Assembler and Timing Analyzer during compilation ; On                 ; On                 ;
; Enable compact report table                                      ; Off                ; Off                ;
; Restructure Multiplexers                                         ; Auto               ; Auto               ;
; Create Debugging Nodes for IP Cores                              ; Off                ; Off                ;
; Preserve fewer node names                                        ; On                 ; On                 ;
; Intel FPGA IP Evaluation Mode                                    ; Enable             ; Enable             ;
; Verilog Version                                                  ; Verilog_2001       ; Verilog_2001       ;
; VHDL Version                                                     ; VHDL_1993          ; VHDL_1993          ;
; State Machine Processing                                         ; Auto               ; Auto               ;
; Safe State Machine                                               ; Off                ; Off                ;
; Extract Verilog State Machines                                   ; On                 ; On                 ;
; Extract VHDL State Machines                                      ; On                 ; On                 ;
; Ignore Verilog initial constructs                                ; Off                ; Off                ;
; Iteration limit for constant Verilog loops                       ; 5000               ; 5000               ;
; Iteration limit for non-constant Verilog loops                   ; 250                ; 250                ;
; Add Pass-Through Logic to Inferred RAMs                          ; On                 ; On                 ;
; Infer RAMs from Raw Logic                                        ; On                 ; On                 ;
; Parallel Synthesis                                               ; On                 ; On                 ;
; DSP Block Balancing                                              ; Auto               ; Auto               ;
; NOT Gate Push-Back                                               ; On                 ; On                 ;
; Power-Up Don't Care                                              ; On                 ; On                 ;
; Remove Redundant Logic Cells                                     ; Off                ; Off                ;
; Remove Duplicate Registers                                       ; On                 ; On                 ;
; Ignore CARRY Buffers                                             ; Off                ; Off                ;
; Ignore CASCADE Buffers                                           ; Off                ; Off                ;
; Ignore GLOBAL Buffers                                            ; Off                ; Off                ;
; Ignore ROW GLOBAL Buffers                                        ; Off                ; Off                ;
; Ignore LCELL Buffers                                             ; Off                ; Off                ;
; Ignore SOFT Buffers                                              ; On                 ; On                 ;
; Limit AHDL Integers to 32 Bits                                   ; Off                ; Off                ;
; Optimization Technique                                           ; Balanced           ; Balanced           ;
; Carry Chain Length                                               ; 70                 ; 70                 ;
; Auto Carry Chains                                                ; On                 ; On                 ;
; Auto Open-Drain Pins                                             ; On                 ; On                 ;
; Perform WYSIWYG Primitive Resynthesis                            ; Off                ; Off                ;
; Auto ROM Replacement                                             ; On                 ; On                 ;
; Auto RAM Replacement                                             ; On                 ; On                 ;
; Auto DSP Block Replacement                                       ; On                 ; On                 ;
; Auto Shift Register Replacement                                  ; Auto               ; Auto               ;
; Allow Shift Register Merging across Hierarchies                  ; Auto               ; Auto               ;
; Auto Clock Enable Replacement                                    ; On                 ; On                 ;
; Strict RAM Replacement                                           ; Off                ; Off                ;
; Allow Synchronous Control Signals                                ; On                 ; On                 ;
; Force Use of Synchronous Clear Signals                           ; Off                ; Off                ;
; Auto RAM Block Balancing                                         ; On                 ; On                 ;
; Auto RAM to Logic Cell Conversion                                ; Off                ; Off                ;
; Auto Resource Sharing                                            ; Off                ; Off                ;
; Allow Any RAM Size For Recognition                               ; Off                ; Off                ;
; Allow Any ROM Size For Recognition                               ; Off                ; Off                ;
; Allow Any Shift Register Size For Recognition                    ; Off                ; Off                ;
; Use LogicLock Constraints during Resource Balancing              ; On                 ; On                 ;
; Ignore translate_off and synthesis_off directives                ; Off                ; Off                ;
; Timing-Driven Synthesis                                          ; On                 ; On                 ;
; Report Parameter Settings                                        ; On                 ; On                 ;
; Report Source Assignments                                        ; On                 ; On                 ;
; Report Connectivity Checks                                       ; On                 ; On                 ;
; Ignore Maximum Fan-Out Assignments                               ; Off                ; Off                ;
; Synchronization Register Chain Length                            ; 2                  ; 2                  ;
; Power Optimization During Synthesis                              ; Normal compilation ; Normal compilation ;
; HDL message level                                                ; Level2             ; Level2             ;
; Suppress Register Optimization Related Messages                  ; Off                ; Off                ;
; Number of Removed Registers Reported in Synthesis Report         ; 5000               ; 5000               ;
; Number of Swept Nodes Reported in Synthesis Report               ; 5000               ; 5000               ;
; Number of Inverted Registers Reported in Synthesis Report        ; 100                ; 100                ;
; Clock MUX Protection                                             ; On                 ; On                 ;
; Auto Gated Clock Conversion                                      ; Off                ; Off                ;
; Block Design Naming                                              ; Auto               ; Auto               ;
; SDC constraint protection                                        ; Off                ; Off                ;
; Synthesis Effort                                                 ; Auto               ; Auto               ;
; Shift Register Replacement - Allow Asynchronous Clear Signal     ; On                 ; On                 ;
; Pre-Mapping Resynthesis Optimization                             ; Off                ; Off                ;
; Analysis & Synthesis Message Level                               ; Medium             ; Medium             ;
; Disable Register Merging Across Hierarchies                      ; Auto               ; Auto               ;
; Resource Aware Inference For Block RAM                           ; On                 ; On                 ;
+------------------------------------------------------------------+--------------------+--------------------+


+------------------------------------------+
; Parallel Compilation                     ;
+----------------------------+-------------+
; Processors                 ; Number      ;
+----------------------------+-------------+
; Number detected on machine ; 4           ;
; Maximum allowed            ; 2           ;
;                            ;             ;
; Average used               ; 1.00        ;
; Maximum used               ; 2           ;
;                            ;             ;
; Usage by Processor         ; % Time Used ;
;     Processor 1            ; 100.0%      ;
;     Processor 2            ;   0.0%      ;
+----------------------------+-------------+


+------------------------------------------------------------------------------------------------------------------------------------------------------------------+
; Analysis & Synthesis Source Files Read                                                                                                                           ;
+----------------------------------+-----------------+------------------------------------+--------------------------------------------------------------+---------+
; File Name with User-Entered Path ; Used in Netlist ; File Type                          ; File Name with Absolute Path                                 ; Library ;
+----------------------------------+-----------------+------------------------------------+--------------------------------------------------------------+---------+
; led.vhd                          ; yes             ; User VHDL File                     ; C:/Users/akuma/Documents/GitHub/DDEX2/led.vhd                ;         ;
; output_files/final.bdf           ; yes             ; User Block Diagram/Schematic File  ; C:/Users/akuma/Documents/GitHub/DDEX2/output_files/final.bdf ;         ;
; output_files/to7s.vhd            ; yes             ; User VHDL File                     ; C:/Users/akuma/Documents/GitHub/DDEX2/output_files/to7s.vhd  ;         ;
; digital_clock_top.vhd            ; yes             ; User VHDL File                     ; C:/Users/akuma/Documents/GitHub/DDEX2/digital_clock_top.vhd  ;         ;
; cycles.vhd                       ; yes             ; User VHDL File                     ; C:/Users/akuma/Documents/GitHub/DDEX2/cycles.vhd             ;         ;
; num.vhd                          ; yes             ; User VHDL File                     ; C:/Users/akuma/Documents/GitHub/DDEX2/num.vhd                ;         ;
; digital_clocksec.vhd             ; yes             ; User VHDL File                     ; C:/Users/akuma/Documents/GitHub/DDEX2/digital_clocksec.vhd   ;         ;
+----------------------------------+-----------------+------------------------------------+--------------------------------------------------------------+---------+


+---------------------------------------------------------+
; Analysis & Synthesis Resource Usage Summary             ;
+---------------------------------------------+-----------+
; Resource                                    ; Usage     ;
+---------------------------------------------+-----------+
; Estimated Total logic elements              ; 90        ;
;                                             ;           ;
; Total combinational functions               ; 89        ;
; Logic element usage by number of LUT inputs ;           ;
;     -- 4 input functions                    ; 30        ;
;     -- 3 input functions                    ; 14        ;
;     -- <=2 input functions                  ; 45        ;
;                                             ;           ;
; Logic elements by mode                      ;           ;
;     -- normal mode                          ; 52        ;
;     -- arithmetic mode                      ; 37        ;
;                                             ;           ;
; Total registers                             ; 54        ;
;     -- Dedicated logic registers            ; 54        ;
;     -- I/O registers                        ; 0         ;
;                                             ;           ;
; I/O pins                                    ; 7         ;
;                                             ;           ;
; Embedded Multiplier 9-bit elements          ; 0         ;
;                                             ;           ;
; Maximum fan-out node                        ; clk~input ;
; Maximum fan-out                             ; 41        ;
; Total fan-out                               ; 415       ;
; Average fan-out                             ; 2.64      ;
+---------------------------------------------+-----------+


+-------------------------------------------------------------------------------------------------------------------------------------------------------------------------------------------------------------------------------------------------------+
; Analysis & Synthesis Resource Utilization by Entity                                                                                                                                                                                                   ;
+------------------------------+---------------------+---------------------------+-------------+------------+--------------+---------+-----------+------+--------------+------------+--------------------------------+-------------------+--------------+
; Compilation Hierarchy Node   ; Combinational ALUTs ; Dedicated Logic Registers ; Memory Bits ; UFM Blocks ; DSP Elements ; DSP 9x9 ; DSP 18x18 ; Pins ; Virtual Pins ; ADC blocks ; Full Hierarchy Name            ; Entity Name       ; Library Name ;
+------------------------------+---------------------+---------------------------+-------------+------------+--------------+---------+-----------+------+--------------+------------+--------------------------------+-------------------+--------------+
; |final                       ; 89 (0)              ; 54 (0)                    ; 0           ; 0          ; 0            ; 0       ; 0         ; 7    ; 0            ; 0          ; |final                         ; final             ; work         ;
;    |cycles:inst5|            ; 6 (6)               ; 4 (4)                     ; 0           ; 0          ; 0            ; 0       ; 0         ; 0    ; 0            ; 0          ; |final|cycles:inst5            ; cycles            ; work         ;
;    |digital_clock_top:inst6| ; 24 (24)             ; 18 (18)                   ; 0           ; 0          ; 0            ; 0       ; 0         ; 0    ; 0            ; 0          ; |final|digital_clock_top:inst6 ; digital_clock_top ; work         ;
;    |digital_clocksec:inst8|  ; 29 (29)             ; 23 (23)                   ; 0           ; 0          ; 0            ; 0       ; 0         ; 0    ; 0            ; 0          ; |final|digital_clocksec:inst8  ; digital_clocksec  ; work         ;
;    |led:inst|                ; 6 (6)               ; 5 (5)                     ; 0           ; 0          ; 0            ; 0       ; 0         ; 0    ; 0            ; 0          ; |final|led:inst                ; led               ; work         ;
;    |num:inst7|               ; 7 (7)               ; 0 (0)                     ; 0           ; 0          ; 0            ; 0       ; 0         ; 0    ; 0            ; 0          ; |final|num:inst7               ; num               ; work         ;
;    |to7s:inst3|              ; 17 (17)             ; 4 (4)                     ; 0           ; 0          ; 0            ; 0       ; 0         ; 0    ; 0            ; 0          ; |final|to7s:inst3              ; to7s              ; work         ;
+------------------------------+---------------------+---------------------------+-------------+------------+--------------+---------+-----------+------+--------------+------------+--------------------------------+-------------------+--------------+
Note: For table entries with two numbers listed, the numbers in parentheses indicate the number of resources of the given type used by the specific entity alone. The numbers listed outside of parentheses indicate the total resources of the given type used by the specific entity and all of its sub-entities in the hierarchy.


+---------------------------------------------------------------------------------------------------+
; User-Specified and Inferred Latches                                                               ;
+----------------------------------------------------+---------------------+------------------------+
; Latch Name                                         ; Latch Enable Signal ; Free of Timing Hazards ;
+----------------------------------------------------+---------------------+------------------------+
; num:inst7|temp[0]                                  ; num:inst7|Equal0    ; yes                    ;
; num:inst7|temp[1]                                  ; num:inst7|Equal0    ; yes                    ;
; num:inst7|temp[2]                                  ; num:inst7|Equal0    ; yes                    ;
; num:inst7|temp[3]                                  ; num:inst7|Equal0    ; yes                    ;
; Number of user-specified and inferred latches = 4  ;                     ;                        ;
+----------------------------------------------------+---------------------+------------------------+
Note: All latches listed above may not be present at the end of synthesis due to various synthesis optimizations.


+------------------------------------------------------------+
; Registers Removed During Synthesis                         ;
+---------------------------------------+--------------------+
; Register name                         ; Reason for Removal ;
+---------------------------------------+--------------------+
; to7s:inst3|count[3]                   ; Lost fanout        ;
; Total Number of Removed Registers = 1 ;                    ;
+---------------------------------------+--------------------+


+------------------------------------------------------+
; General Register Statistics                          ;
+----------------------------------------------+-------+
; Statistic                                    ; Value ;
+----------------------------------------------+-------+
; Total registers                              ; 54    ;
; Number of registers using Synchronous Clear  ; 39    ;
; Number of registers using Synchronous Load   ; 0     ;
; Number of registers using Asynchronous Clear ; 8     ;
; Number of registers using Asynchronous Load  ; 0     ;
; Number of registers using Clock Enable       ; 2     ;
; Number of registers using Preset             ; 0     ;
+----------------------------------------------+-------+


+--------------------------------------------------+
; Inverted Register Statistics                     ;
+----------------------------------------+---------+
; Inverted Register                      ; Fan out ;
+----------------------------------------+---------+
; cycles:inst5|counter[0]                ; 5       ;
; led:inst|temp                          ; 3       ;
; Total number of inverted registers = 2 ;         ;
+----------------------------------------+---------+


+-----------------------------------------------------+
; Post-Synthesis Netlist Statistics for Top Partition ;
+-----------------------+-----------------------------+
; Type                  ; Count                       ;
+-----------------------+-----------------------------+
; boundary_port         ; 7                           ;
; cycloneiii_ff         ; 54                          ;
;     CLR               ; 7                           ;
;     ENA               ; 1                           ;
;     ENA CLR           ; 1                           ;
;     SCLR              ; 39                          ;
;     plain             ; 6                           ;
; cycloneiii_lcell_comb ; 90                          ;
;     arith             ; 37                          ;
;         2 data inputs ; 37                          ;
;     normal            ; 53                          ;
;         0 data inputs ; 1                           ;
;         1 data inputs ; 4                           ;
;         2 data inputs ; 4                           ;
;         3 data inputs ; 14                          ;
;         4 data inputs ; 30                          ;
;                       ;                             ;
; Max LUT depth         ; 5.00                        ;
; Average LUT depth     ; 2.69                        ;
+-----------------------+-----------------------------+


+-------------------------------+
; Elapsed Time Per Partition    ;
+----------------+--------------+
; Partition Name ; Elapsed Time ;
+----------------+--------------+
; Top            ; 00:00:01     ;
+----------------+--------------+


+-------------------------------+
; Analysis & Synthesis Messages ;
+-------------------------------+
Info: *******************************************************************
Info: Running Quartus Prime Analysis & Synthesis
    Info: Version 18.0.0 Build 614 04/24/2018 SJ Lite Edition
    Info: Processing started: Thu Nov 15 07:59:37 2018
Info: Command: quartus_map --read_settings_files=on --write_settings_files=off ex2pt2 -c ex2pt2
Warning (18236): Number of processors has not been specified which may cause overloading on shared machines.  Set the global assignment NUM_PARALLEL_PROCESSORS in your QSF to an appropriate value for best performance.
Info (20030): Parallel compilation is enabled and will use 2 of the 2 processors detected
Info (12021): Found 2 design units, including 1 entities, in source file led.vhd
    Info (12022): Found design unit 1: led-Behavioral File: C:/Users/akuma/Documents/GitHub/DDEX2/led.vhd Line: 10
    Info (12023): Found entity 1: led File: C:/Users/akuma/Documents/GitHub/DDEX2/led.vhd Line: 4
Info (12021): Found 1 design units, including 1 entities, in source file output_files/final.bdf
    Info (12023): Found entity 1: final
Info (12021): Found 2 design units, including 1 entities, in source file output_files/to7s.vhd
    Info (12022): Found design unit 1: to7s-Behavioral File: C:/Users/akuma/Documents/GitHub/DDEX2/output_files/to7s.vhd Line: 11
    Info (12023): Found entity 1: to7s File: C:/Users/akuma/Documents/GitHub/DDEX2/output_files/to7s.vhd Line: 4
Info (12021): Found 2 design units, including 1 entities, in source file digital_clock_top.vhd
    Info (12022): Found design unit 1: digital_clock_top-rtl File: C:/Users/akuma/Documents/GitHub/DDEX2/digital_clock_top.vhd Line: 11
    Info (12023): Found entity 1: digital_clock_top File: C:/Users/akuma/Documents/GitHub/DDEX2/digital_clock_top.vhd Line: 4
Info (12021): Found 2 design units, including 1 entities, in source file cycles.vhd
    Info (12022): Found design unit 1: cycles-Behavioral File: C:/Users/akuma/Documents/GitHub/DDEX2/cycles.vhd Line: 10
    Info (12023): Found entity 1: cycles File: C:/Users/akuma/Documents/GitHub/DDEX2/cycles.vhd Line: 4
Info (12021): Found 2 design units, including 1 entities, in source file num.vhd
    Info (12022): Found design unit 1: num-Behavioral File: C:/Users/akuma/Documents/GitHub/DDEX2/num.vhd Line: 9
    Info (12023): Found entity 1: num File: C:/Users/akuma/Documents/GitHub/DDEX2/num.vhd Line: 4
Info (12021): Found 2 design units, including 1 entities, in source file deb.vhd
    Info (12022): Found design unit 1: deb-rtl File: C:/Users/akuma/Documents/GitHub/DDEX2/deb.vhd Line: 11
    Info (12023): Found entity 1: deb File: C:/Users/akuma/Documents/GitHub/DDEX2/deb.vhd Line: 4
Info (12021): Found 2 design units, including 1 entities, in source file digital_clock_top1s.vhd
    Info (12022): Found design unit 1: digital_clock_top1s-rtl File: C:/Users/akuma/Documents/GitHub/DDEX2/digital_clock_top1s.vhd Line: 11
    Info (12023): Found entity 1: digital_clock_top1s File: C:/Users/akuma/Documents/GitHub/DDEX2/digital_clock_top1s.vhd Line: 4
Info (12021): Found 2 design units, including 1 entities, in source file digital_clocksec.vhd
    Info (12022): Found design unit 1: digital_clocksec-rtl File: C:/Users/akuma/Documents/GitHub/DDEX2/digital_clocksec.vhd Line: 11
    Info (12023): Found entity 1: digital_clocksec File: C:/Users/akuma/Documents/GitHub/DDEX2/digital_clocksec.vhd Line: 4
Info (12127): Elaborating entity "final" for the top level hierarchy
Info (12128): Elaborating entity "to7s" for hierarchy "to7s:inst3"
Info (12128): Elaborating entity "cycles" for hierarchy "cycles:inst5"
Warning (10492): VHDL Process Statement warning at cycles.vhd(39): signal "reactivar" is read inside the Process Statement but isn't in the Process Statement's sensitivity list File: C:/Users/akuma/Documents/GitHub/DDEX2/cycles.vhd Line: 39
Warning (10631): VHDL Process Statement warning at cycles.vhd(17): inferring latch(es) for signal or variable "primero", which holds its previous value in one or more paths through the process File: C:/Users/akuma/Documents/GitHub/DDEX2/cycles.vhd Line: 17
Info (10041): Inferred latch for "primero" at cycles.vhd(17) File: C:/Users/akuma/Documents/GitHub/DDEX2/cycles.vhd Line: 17
Info (12128): Elaborating entity "digital_clock_top" for hierarchy "digital_clock_top:inst6"
Info (12128): Elaborating entity "num" for hierarchy "num:inst7"
Warning (10631): VHDL Process Statement warning at num.vhd(13): inferring latch(es) for signal or variable "temp", which holds its previous value in one or more paths through the process File: C:/Users/akuma/Documents/GitHub/DDEX2/num.vhd Line: 13
Info (10041): Inferred latch for "temp[0]" at num.vhd(13) File: C:/Users/akuma/Documents/GitHub/DDEX2/num.vhd Line: 13
Info (10041): Inferred latch for "temp[1]" at num.vhd(13) File: C:/Users/akuma/Documents/GitHub/DDEX2/num.vhd Line: 13
Info (10041): Inferred latch for "temp[2]" at num.vhd(13) File: C:/Users/akuma/Documents/GitHub/DDEX2/num.vhd Line: 13
Info (10041): Inferred latch for "temp[3]" at num.vhd(13) File: C:/Users/akuma/Documents/GitHub/DDEX2/num.vhd Line: 13
Info (10041): Inferred latch for "temp[4]" at num.vhd(13) File: C:/Users/akuma/Documents/GitHub/DDEX2/num.vhd Line: 13
Info (12128): Elaborating entity "led" for hierarchy "led:inst"
Info (12128): Elaborating entity "digital_clocksec" for hierarchy "digital_clocksec:inst8"
Warning (13012): Latch num:inst7|temp[0] has unsafe behavior File: C:/Users/akuma/Documents/GitHub/DDEX2/num.vhd Line: 13
    Warning (13013): Ports D and ENA on the latch are fed by the same signal led:inst|count[0] File: C:/Users/akuma/Documents/GitHub/DDEX2/led.vhd Line: 19
Warning (13012): Latch num:inst7|temp[1] has unsafe behavior File: C:/Users/akuma/Documents/GitHub/DDEX2/num.vhd Line: 13
    Warning (13013): Ports D and ENA on the latch are fed by the same signal led:inst|count[1] File: C:/Users/akuma/Documents/GitHub/DDEX2/led.vhd Line: 19
Warning (13012): Latch num:inst7|temp[2] has unsafe behavior File: C:/Users/akuma/Documents/GitHub/DDEX2/num.vhd Line: 13
    Warning (13013): Ports D and ENA on the latch are fed by the same signal led:inst|count[2] File: C:/Users/akuma/Documents/GitHub/DDEX2/led.vhd Line: 19
Warning (13012): Latch num:inst7|temp[3] has unsafe behavior File: C:/Users/akuma/Documents/GitHub/DDEX2/num.vhd Line: 13
    Warning (13013): Ports D and ENA on the latch are fed by the same signal led:inst|count[3] File: C:/Users/akuma/Documents/GitHub/DDEX2/led.vhd Line: 19
Info (13000): Registers with preset signals will power-up high File: C:/Users/akuma/Documents/GitHub/DDEX2/cycles.vhd Line: 32
Info (13003): DEV_CLRn pin will set, and not reset, register with preset signal due to NOT Gate Push-Back
Warning (13024): Output pins are stuck at VCC or GND
    Warning (13410): Pin "pin_name1" is stuck at GND
Info (286030): Timing-Driven Synthesis is running
Info (17049): 1 registers lost all their fanouts during netlist optimizations.
Info (16010): Generating hard_block partition "hard_block:auto_generated_inst"
    Info (16011): Adding 0 node(s), including 0 DDIO, 0 PLL, 0 transceiver and 0 LCELL
Info (21057): Implemented 97 device resources after synthesis - the final resource count might be different
    Info (21058): Implemented 2 input pins
    Info (21059): Implemented 5 output pins
    Info (21061): Implemented 90 logic cells
Info: Quartus Prime Analysis & Synthesis was successful. 0 errors, 14 warnings
    Info: Peak virtual memory: 4803 megabytes
    Info: Processing ended: Thu Nov 15 08:00:04 2018
    Info: Elapsed time: 00:00:27
    Info: Total CPU time (on all processors): 00:00:53


